[2016-03-02 13:21:42.144557] Computing using 4 bins
[2016-03-02 13:21:42.144621] Evaluating 0. time series of linear-16k-no-anom-selected21PCs-sigma1 model data... (1 out of 3 models)
[2016-03-02 13:21:42.144642] Loading monthly ENSO SSTs...
[2016-03-02 13:21:42.314052] Loading EMR simulated syntethic ENSO time series...
[2016-03-02 13:21:42.390542] Data loaded with shape (16384,)
[2016-03-02 13:43:17.582338] Analysis on data done.
[2016-03-02 13:43:17.582385] Analysing 100 FT surrogates using 20 workers...
..20/100 surrogate done..
..40/100 surrogate done..
..60/100 surrogate done..
..80/100 surrogate done..
..100/100 surrogate done..
[2016-03-02 17:44:30.307272] 100 surrogates done. Saving...
[2016-03-02 17:44:30.339392] Evaluating 1. time series of linear-16k-no-anom-selected21PCs-sigma1 model data... (1 out of 3 models)
[2016-03-02 17:44:30.339459] Loading monthly ENSO SSTs...
[2016-03-02 17:44:30.512041] Loading EMR simulated syntethic ENSO time series...
[2016-03-02 17:44:30.587817] Data loaded with shape (16384,)
[2016-03-02 18:06:04.261794] Analysis on data done.
[2016-03-02 18:06:04.261841] Analysing 100 FT surrogates using 20 workers...
..20/100 surrogate done..
..40/100 surrogate done..
..60/100 surrogate done..
..80/100 surrogate done..
..100/100 surrogate done..
[2016-03-02 22:07:51.080014] 100 surrogates done. Saving...
[2016-03-02 22:07:51.109493] Evaluating 2. time series of linear-16k-no-anom-selected21PCs-sigma1 model data... (1 out of 3 models)
[2016-03-02 22:07:51.109559] Loading monthly ENSO SSTs...
[2016-03-02 22:07:51.279926] Loading EMR simulated syntethic ENSO time series...
[2016-03-02 22:07:51.343770] Data loaded with shape (16384,)
[2016-03-02 22:29:25.224650] Analysis on data done.
[2016-03-02 22:29:25.224691] Analysing 100 FT surrogates using 20 workers...
..20/100 surrogate done..
..40/100 surrogate done..
